{"C:\\Users\\user\\Desktop\\New folder (6)\\src\\dbConnect.ts": {"path":"C:\\Users\\user\\Desktop\\New folder (6)\\src\\dbConnect.ts","statementMap":{"0":{"start":{"line":1,"column":1},"end":{"line":1,"column":46}},"1":{"start":{"line":4,"column":17},"end":{"line":4,"column":35}},"2":{"start":{"line":6,"column":2},"end":{"line":14,"column":3}},"3":{"start":{"line":7,"column":4},"end":{"line":7,"column":28}},"4":{"start":{"line":8,"column":4},"end":{"line":8,"column":59}},"5":{"start":{"line":11,"column":4},"end":{"line":11,"column":62}},"6":{"start":{"line":13,"column":4},"end":{"line":13,"column":31}},"7":{"start":{"line":17,"column":0},"end":{"line":17,"column":33}},"8":{"start":{"line":20,"column":0},"end":{"line":20,"column":20}}},"fnMap":{"0":{"name":"connectToDatabase","decl":{"start":{"line":3,"column":15},"end":{"line":3,"column":32}},"loc":{"start":{"line":3,"column":32},"end":{"line":15,"column":null}}}},"branchMap":{},"s":{"0":1,"1":2,"2":2,"3":2,"4":2,"5":0,"6":2,"7":1,"8":1},"f":{"0":2},"b":{}}
,"C:\\Users\\user\\Desktop\\New folder (6)\\src\\index.ts": {"path":"C:\\Users\\user\\Desktop\\New folder (6)\\src\\index.ts","statementMap":{"0":{"start":{"line":1,"column":0},"end":{"line":1,"column":30}},"1":{"start":{"line":2,"column":0},"end":{"line":2,"column":23}},"2":{"start":{"line":3,"column":0},"end":{"line":3,"column":51}},"3":{"start":{"line":4,"column":0},"end":{"line":4,"column":57}},"4":{"start":{"line":5,"column":0},"end":{"line":5,"column":48}},"5":{"start":{"line":6,"column":0},"end":{"line":6,"column":44}},"6":{"start":{"line":7,"column":0},"end":{"line":7,"column":46}},"7":{"start":{"line":9,"column":15},"end":{"line":9,"column":33}},"8":{"start":{"line":36,"column":30},"end":{"line":36,"column":36}},"9":{"start":{"line":10,"column":0},"end":{"line":10,"column":20}},"10":{"start":{"line":12,"column":20},"end":{"line":12,"column":43}},"11":{"start":{"line":13,"column":23},"end":{"line":13,"column":54}},"12":{"start":{"line":14,"column":15},"end":{"line":14,"column":40}},"13":{"start":{"line":36,"column":9},"end":{"line":36,"column":15}},"14":{"start":{"line":17,"column":0},"end":{"line":17,"column":35}},"15":{"start":{"line":20,"column":20},"end":{"line":28,"column":2}},"16":{"start":{"line":20,"column":31},"end":{"line":28,"column":2}},"17":{"start":{"line":21,"column":2},"end":{"line":27,"column":3}},"18":{"start":{"line":22,"column":4},"end":{"line":22,"column":41}},"19":{"start":{"line":23,"column":4},"end":{"line":23,"column":48}},"20":{"start":{"line":25,"column":4},"end":{"line":25,"column":26}},"21":{"start":{"line":26,"column":4},"end":{"line":26,"column":20}},"22":{"start":{"line":36,"column":17},"end":{"line":36,"column":28}},"23":{"start":{"line":31,"column":0},"end":{"line":33,"column":3}},"24":{"start":{"line":32,"column":2},"end":{"line":32,"column":23}}},"fnMap":{"0":{"name":"(anonymous_8)","decl":{"start":{"line":20,"column":20},"end":{"line":20,"column":29}},"loc":{"start":{"line":20,"column":31},"end":{"line":28,"column":2}}},"1":{"name":"(anonymous_9)","decl":{"start":{"line":20,"column":31},"end":{"line":20,"column":null}},"loc":{"start":{"line":20,"column":31},"end":{"line":28,"column":1}}},"2":{"name":"(anonymous_10)","decl":{"start":{"line":31,"column":25},"end":{"line":31,"column":28}},"loc":{"start":{"line":31,"column":30},"end":{"line":33,"column":1}}}},"branchMap":{},"s":{"0":1,"1":1,"2":1,"3":1,"4":1,"5":1,"6":1,"7":1,"8":1,"9":1,"10":1,"11":1,"12":1,"13":1,"14":1,"15":1,"16":1,"17":1,"18":1,"19":1,"20":0,"21":0,"22":1,"23":1,"24":0},"f":{"0":1,"1":1,"2":0},"b":{}}
,"C:\\Users\\user\\Desktop\\New folder (6)\\src\\blog\\blog-controller.ts": {"path":"C:\\Users\\user\\Desktop\\New folder (6)\\src\\blog\\blog-controller.ts","statementMap":{"0":{"start":{"line":8,"column":4},"end":{"line":8,"column":35}},"1":{"start":{"line":12,"column":18},"end":{"line":12,"column":54}},"2":{"start":{"line":13,"column":4},"end":{"line":13,"column":22}},"3":{"start":{"line":17,"column":19},"end":{"line":17,"column":50}},"4":{"start":{"line":19,"column":17},"end":{"line":19,"column":59}},"5":{"start":{"line":21,"column":4},"end":{"line":24,"column":5}},"6":{"start":{"line":22,"column":6},"end":{"line":22,"column":56}},"7":{"start":{"line":23,"column":6},"end":{"line":23,"column":13}},"8":{"start":{"line":26,"column":4},"end":{"line":26,"column":21}},"9":{"start":{"line":30,"column":48},"end":{"line":30,"column":60}},"10":{"start":{"line":32,"column":4},"end":{"line":35,"column":5}},"11":{"start":{"line":33,"column":6},"end":{"line":33,"column":82}},"12":{"start":{"line":34,"column":6},"end":{"line":34,"column":13}},"13":{"start":{"line":37,"column":17},"end":{"line":37,"column":83}},"14":{"start":{"line":38,"column":4},"end":{"line":38,"column":31}},"15":{"start":{"line":42,"column":19},"end":{"line":42,"column":50}},"16":{"start":{"line":43,"column":39},"end":{"line":43,"column":51}},"17":{"start":{"line":45,"column":4},"end":{"line":56,"column":5}},"18":{"start":{"line":46,"column":26},"end":{"line":46,"column":91}},"19":{"start":{"line":48,"column":6},"end":{"line":51,"column":7}},"20":{"start":{"line":49,"column":8},"end":{"line":49,"column":58}},"21":{"start":{"line":50,"column":8},"end":{"line":50,"column":15}},"22":{"start":{"line":53,"column":6},"end":{"line":53,"column":30}},"23":{"start":{"line":55,"column":6},"end":{"line":55,"column":63}},"24":{"start":{"line":61,"column":19},"end":{"line":61,"column":50}},"25":{"start":{"line":62,"column":24},"end":{"line":62,"column":65}},"26":{"start":{"line":64,"column":4},"end":{"line":67,"column":5}},"27":{"start":{"line":65,"column":6},"end":{"line":65,"column":56}},"28":{"start":{"line":66,"column":6},"end":{"line":66,"column":13}},"29":{"start":{"line":69,"column":4},"end":{"line":69,"column":28}},"30":{"start":{"line":73,"column":0},"end":{"line":73,"column":30}}},"fnMap":{"0":{"name":"(anonymous_7)","decl":{"start":{"line":7,"column":2},"end":{"line":7,"column":14}},"loc":{"start":{"line":7,"column":38},"end":{"line":9,"column":3}}},"1":{"name":"(anonymous_8)","decl":{"start":{"line":11,"column":8},"end":{"line":11,"column":19}},"loc":{"start":{"line":11,"column":64},"end":{"line":14,"column":null}}},"2":{"name":"(anonymous_10)","decl":{"start":{"line":16,"column":8},"end":{"line":16,"column":19}},"loc":{"start":{"line":16,"column":92},"end":{"line":27,"column":null}}},"3":{"name":"(anonymous_12)","decl":{"start":{"line":29,"column":8},"end":{"line":29,"column":18}},"loc":{"start":{"line":29,"column":142},"end":{"line":39,"column":null}}},"4":{"name":"(anonymous_14)","decl":{"start":{"line":41,"column":8},"end":{"line":41,"column":18}},"loc":{"start":{"line":41,"column":152},"end":{"line":57,"column":null}}},"5":{"name":"(anonymous_16)","decl":{"start":{"line":60,"column":8},"end":{"line":60,"column":18}},"loc":{"start":{"line":60,"column":91},"end":{"line":70,"column":null}}}},"branchMap":{"0":{"loc":{"start":{"line":21,"column":4},"end":{"line":24,"column":5}},"type":"if","locations":[{"start":{"line":21,"column":4},"end":{"line":24,"column":5}}]},"1":{"loc":{"start":{"line":32,"column":4},"end":{"line":35,"column":5}},"type":"if","locations":[{"start":{"line":32,"column":4},"end":{"line":35,"column":5}}]},"2":{"loc":{"start":{"line":32,"column":8},"end":{"line":32,"column":37}},"type":"binary-expr","locations":[{"start":{"line":32,"column":8},"end":{"line":32,"column":14}},{"start":{"line":32,"column":18},"end":{"line":32,"column":26}},{"start":{"line":32,"column":30},"end":{"line":32,"column":37}}]},"3":{"loc":{"start":{"line":48,"column":6},"end":{"line":51,"column":7}},"type":"if","locations":[{"start":{"line":48,"column":6},"end":{"line":51,"column":7}}]},"4":{"loc":{"start":{"line":64,"column":4},"end":{"line":67,"column":5}},"type":"if","locations":[{"start":{"line":64,"column":4},"end":{"line":67,"column":5}}]}},"s":{"0":1,"1":0,"2":0,"3":0,"4":0,"5":0,"6":0,"7":0,"8":0,"9":0,"10":0,"11":0,"12":0,"13":0,"14":0,"15":3,"16":3,"17":3,"18":3,"19":3,"20":0,"21":0,"22":3,"23":0,"24":0,"25":0,"26":0,"27":0,"28":0,"29":0,"30":1},"f":{"0":1,"1":0,"2":0,"3":0,"4":3,"5":0},"b":{"0":[0],"1":[0],"2":[0,0,0],"3":[0],"4":[0]}}
,"C:\\Users\\user\\Desktop\\New folder (6)\\src\\blog\\blog-route.ts": {"path":"C:\\Users\\user\\Desktop\\New folder (6)\\src\\blog\\blog-route.ts","statementMap":{"0":{"start":{"line":6,"column":19},"end":{"line":12,"column":3}},"1":{"start":{"line":7,"column":4},"end":{"line":7,"column":67}},"2":{"start":{"line":8,"column":4},"end":{"line":8,"column":71}},"3":{"start":{"line":9,"column":4},"end":{"line":9,"column":67}},"4":{"start":{"line":10,"column":4},"end":{"line":10,"column":70}},"5":{"start":{"line":11,"column":4},"end":{"line":11,"column":73}},"6":{"start":{"line":14,"column":2},"end":{"line":14,"column":28}}},"fnMap":{"0":{"name":"(anonymous_0)","decl":{"start":{"line":6,"column":19},"end":{"line":6,"column":20}},"loc":{"start":{"line":6,"column":76},"end":{"line":12,"column":3}}}},"branchMap":{},"s":{"0":1,"1":1,"2":1,"3":1,"4":1,"5":1,"6":1},"f":{"0":1},"b":{}}
,"C:\\Users\\user\\Desktop\\New folder (6)\\src\\blog\\blog-service.ts": {"path":"C:\\Users\\user\\Desktop\\New folder (6)\\src\\blog\\blog-service.ts","statementMap":{"0":{"start":{"line":6,"column":4},"end":{"line":6,"column":25}},"1":{"start":{"line":10,"column":4},"end":{"line":10,"column":39}},"2":{"start":{"line":15,"column":4},"end":{"line":17,"column":7}},"3":{"start":{"line":21,"column":4},"end":{"line":23,"column":7}},"4":{"start":{"line":27,"column":4},"end":{"line":34,"column":7}},"5":{"start":{"line":38,"column":4},"end":{"line":40,"column":7}},"6":{"start":{"line":44,"column":0},"end":{"line":44,"column":27}}},"fnMap":{"0":{"name":"(anonymous_7)","decl":{"start":{"line":5,"column":2},"end":{"line":5,"column":14}},"loc":{"start":{"line":5,"column":34},"end":{"line":7,"column":3}}},"1":{"name":"(anonymous_8)","decl":{"start":{"line":9,"column":8},"end":{"line":9,"column":19}},"loc":{"start":{"line":9,"column":19},"end":{"line":11,"column":null}}},"2":{"name":"(anonymous_10)","decl":{"start":{"line":14,"column":8},"end":{"line":14,"column":19}},"loc":{"start":{"line":14,"column":30},"end":{"line":18,"column":null}}},"3":{"name":"(anonymous_12)","decl":{"start":{"line":20,"column":8},"end":{"line":20,"column":18}},"loc":{"start":{"line":20,"column":81},"end":{"line":24,"column":null}}},"4":{"name":"(anonymous_14)","decl":{"start":{"line":26,"column":8},"end":{"line":26,"column":18}},"loc":{"start":{"line":26,"column":80},"end":{"line":35,"column":null}}},"5":{"name":"(anonymous_16)","decl":{"start":{"line":37,"column":8},"end":{"line":37,"column":18}},"loc":{"start":{"line":37,"column":29},"end":{"line":41,"column":null}}}},"branchMap":{"0":{"loc":{"start":{"line":30,"column":15},"end":{"line":30,"column":63}},"type":"cond-expr","locations":[{"start":{"line":30,"column":37},"end":{"line":30,"column":51}},{"start":{"line":30,"column":54},"end":{"line":30,"column":63}}]},"1":{"loc":{"start":{"line":31,"column":17},"end":{"line":31,"column":69}},"type":"cond-expr","locations":[{"start":{"line":31,"column":41},"end":{"line":31,"column":57}},{"start":{"line":31,"column":60},"end":{"line":31,"column":69}}]},"2":{"loc":{"start":{"line":32,"column":16},"end":{"line":32,"column":66}},"type":"cond-expr","locations":[{"start":{"line":32,"column":39},"end":{"line":32,"column":54}},{"start":{"line":32,"column":57},"end":{"line":32,"column":66}}]}},"s":{"0":1,"1":0,"2":0,"3":0,"4":3,"5":0,"6":1},"f":{"0":1,"1":0,"2":0,"3":0,"4":3,"5":0},"b":{"0":[2,1],"1":[2,1],"2":[1,2]}}
}
