TN:
SF:src\dbConnect.ts
FN:3,connectToDatabase
FNF:1
FNH:1
FNDA:2,connectToDatabase
DA:1,1
DA:4,2
DA:6,2
DA:7,2
DA:8,2
DA:11,0
DA:13,2
DA:17,1
DA:20,1
LF:9
LH:8
BRF:0
BRH:0
end_of_record
TN:
SF:src\index.ts
FN:20,(anonymous_8)
FN:20,(anonymous_9)
FN:31,(anonymous_10)
FNF:3
FNH:2
FNDA:1,(anonymous_8)
FNDA:1,(anonymous_9)
FNDA:0,(anonymous_10)
DA:1,1
DA:2,1
DA:3,1
DA:4,1
DA:5,1
DA:6,1
DA:7,1
DA:9,1
DA:10,1
DA:12,1
DA:13,1
DA:14,1
DA:17,1
DA:20,1
DA:21,1
DA:22,1
DA:23,1
DA:25,0
DA:26,0
DA:31,1
DA:32,0
DA:36,1
LF:22
LH:19
BRF:0
BRH:0
end_of_record
TN:
SF:src\blog\blog-controller.ts
FN:7,(anonymous_7)
FN:11,(anonymous_8)
FN:16,(anonymous_10)
FN:29,(anonymous_12)
FN:41,(anonymous_14)
FN:60,(anonymous_16)
FNF:6
FNH:2
FNDA:1,(anonymous_7)
FNDA:0,(anonymous_8)
FNDA:0,(anonymous_10)
FNDA:0,(anonymous_12)
FNDA:3,(anonymous_14)
FNDA:0,(anonymous_16)
DA:8,1
DA:12,0
DA:13,0
DA:17,0
DA:19,0
DA:21,0
DA:22,0
DA:23,0
DA:26,0
DA:30,0
DA:32,0
DA:33,0
DA:34,0
DA:37,0
DA:38,0
DA:42,3
DA:43,3
DA:45,3
DA:46,3
DA:48,3
DA:49,0
DA:50,0
DA:53,3
DA:55,0
DA:61,0
DA:62,0
DA:64,0
DA:65,0
DA:66,0
DA:69,0
DA:73,1
LF:31
LH:8
BRDA:21,0,0,0
BRDA:32,1,0,0
BRDA:32,2,0,0
BRDA:32,2,1,0
BRDA:32,2,2,0
BRDA:48,3,0,0
BRDA:64,4,0,0
BRF:7
BRH:0
end_of_record
TN:
SF:src\blog\blog-route.ts
FN:6,(anonymous_0)
FNF:1
FNH:1
FNDA:1,(anonymous_0)
DA:6,1
DA:7,1
DA:8,1
DA:9,1
DA:10,1
DA:11,1
DA:14,1
LF:7
LH:7
BRF:0
BRH:0
end_of_record
TN:
SF:src\blog\blog-service.ts
FN:5,(anonymous_7)
FN:9,(anonymous_8)
FN:14,(anonymous_10)
FN:20,(anonymous_12)
FN:26,(anonymous_14)
FN:37,(anonymous_16)
FNF:6
FNH:2
FNDA:1,(anonymous_7)
FNDA:0,(anonymous_8)
FNDA:0,(anonymous_10)
FNDA:0,(anonymous_12)
FNDA:3,(anonymous_14)
FNDA:0,(anonymous_16)
DA:6,1
DA:10,0
DA:15,0
DA:21,0
DA:27,3
DA:38,0
DA:44,1
LF:7
LH:3
BRDA:30,0,0,2
BRDA:30,0,1,1
BRDA:31,1,0,2
BRDA:31,1,1,1
BRDA:32,2,0,1
BRDA:32,2,1,2
BRF:6
BRH:6
end_of_record
